<?xml version="1.0" encoding="UTF-8"?>
<!-- Generated by org.testng.reporters.JUnitXMLReporter -->
<testsuite ignored="0" hostname="DESKTOP-O63GFKG" failures="0" tests="4" name="Default test" time="9.02" errors="0" timestamp="2021-10-04T16:03:23 IST">
  <testcase classname="com.test.DataDrivenTests" name="test" time="6.852"/>
  <testcase classname="com.test.DataDrivenTests" name="test" time="0.664"/>
  <testcase classname="com.test.DataDrivenTests" name="test" time="0.768"/>
  <testcase classname="com.test.DataDrivenTests" name="test" time="0.678"/>
</testsuite> <!-- Default test -->
