<?xml version="1.0" encoding="UTF-8"?>
<!-- Generated by org.testng.reporters.JUnitXMLReporter -->
<testsuite ignored="0" hostname="DESKTOP-O63GFKG" failures="0" tests="3" name="Default test" time="0.098" errors="0" timestamp="2021-09-29T16:36:44 IST">
  <testcase classname="com.test.BasicMathTest" name="highTest" time="0.012"/>
  <testcase classname="com.test.MathTest" name="factorialTest" time="0.002"/>
  <testcase classname="com.test.MathTest" name="factorialTest2" time="0.011"/>
</testsuite> <!-- Default test -->
