<?xml version="1.0" encoding="UTF-8"?>
<!-- Generated by org.testng.reporters.JUnitXMLReporter -->
<testsuite ignored="0" hostname="DESKTOP-O63GFKG" failures="0" tests="4" name="Selenium Static web site test" time="9.265" errors="0" timestamp="2021-10-01T17:49:13 IST">
  <testcase classname="com.test.WebsiteTests" name="titleTest" time="1.227"/>
  <testcase classname="com.test.WebsiteTests" name="headerTest" time="0.05"/>
  <testcase classname="com.test.WebsiteTests" name="messageClick" time="0.089"/>
  <testcase classname="com.test.WebsiteTests" name="messageClick2" time="5.722"/>
</testsuite> <!-- Selenium Static web site test -->
