<?xml version="1.0" encoding="UTF-8"?>
<!-- Generated by org.testng.reporters.JUnitXMLReporter -->
<testsuite ignored="0" hostname="DESKTOP-O63GFKG" failures="0" tests="4" name="Selenium Static web site test" time="11.113" errors="0" timestamp="2021-10-01T17:56:04 IST">
  <testcase classname="com.test.WebsiteTests" name="titleTest" time="0.931"/>
  <testcase classname="com.test.WebsiteTests" name="headerTest" time="0.041"/>
  <testcase classname="com.test.WebsiteTests" name="messageClick" time="0.061"/>
  <testcase classname="com.test.WebsiteTests" name="messageClick2" time="6.168"/>
</testsuite> <!-- Selenium Static web site test -->
