<?xml version="1.0" encoding="UTF-8"?>
<testng-results ignored="0" total="2" passed="2" failed="0" skipped="0">
  <reporter-output>
  </reporter-output>
  <suite started-at="2021-10-01T17:05:17 IST" name="Static functions Math Related Test Cases" finished-at="2021-10-01T17:05:21 IST" duration-ms="4047">
    <groups>
    </groups>
    <test started-at="2021-10-01T17:05:17 IST" name="Math Test" finished-at="2021-10-01T17:05:21 IST" duration-ms="4047">
      <class name="com.test.WebsiteTests">
        <test-method is-config="true" signature="setup()[pri:0, instance:com.test.WebsiteTests@3bd55d8]" started-at="2021-10-01T17:05:17 IST" name="setup" finished-at="2021-10-01T17:05:20 IST" duration-ms="3071" status="PASS">
          <reporter-output>
          </reporter-output>
        </test-method> <!-- setup -->
        <test-method signature="titleTest()[pri:1, instance:com.test.WebsiteTests@3bd55d8]" started-at="2021-10-01T17:05:20 IST" name="titleTest" finished-at="2021-10-01T17:05:21 IST" duration-ms="827" status="PASS">
          <reporter-output>
          </reporter-output>
        </test-method> <!-- titleTest -->
        <test-method signature="headerTest()[pri:2, instance:com.test.WebsiteTests@3bd55d8]" started-at="2021-10-01T17:05:21 IST" name="headerTest" finished-at="2021-10-01T17:05:21 IST" duration-ms="79" status="PASS">
          <reporter-output>
          </reporter-output>
        </test-method> <!-- headerTest -->
      </class> <!-- com.test.WebsiteTests -->
    </test> <!-- Math Test -->
  </suite> <!-- Static functions Math Related Test Cases -->
</testng-results>
