<?xml version="1.0" encoding="UTF-8"?>
<testng-results ignored="0" total="4" passed="4" failed="0" skipped="0">
  <reporter-output>
  </reporter-output>
  <suite started-at="2021-10-01T17:49:03 IST" name="Static Website Test Cases" finished-at="2021-10-01T17:49:13 IST" duration-ms="9265">
    <groups>
    </groups>
    <test started-at="2021-10-01T17:49:03 IST" name="Selenium Static web site test" finished-at="2021-10-01T17:49:13 IST" duration-ms="9265">
      <class name="com.test.WebsiteTests">
        <test-method is-config="true" signature="setup()[pri:0, instance:com.test.WebsiteTests@41a0aa7d]" started-at="2021-10-01T17:49:03 IST" name="setup" finished-at="2021-10-01T17:49:06 IST" duration-ms="2134" status="PASS">
          <reporter-output>
          </reporter-output>
        </test-method> <!-- setup -->
        <test-method signature="titleTest()[pri:1, instance:com.test.WebsiteTests@41a0aa7d]" started-at="2021-10-01T17:49:06 IST" name="titleTest" finished-at="2021-10-01T17:49:07 IST" duration-ms="1227" status="PASS">
          <reporter-output>
          </reporter-output>
        </test-method> <!-- titleTest -->
        <test-method signature="headerTest()[pri:2, instance:com.test.WebsiteTests@41a0aa7d]" started-at="2021-10-01T17:49:07 IST" name="headerTest" finished-at="2021-10-01T17:49:07 IST" duration-ms="50" status="PASS">
          <reporter-output>
          </reporter-output>
        </test-method> <!-- headerTest -->
        <test-method signature="messageClick()[pri:3, instance:com.test.WebsiteTests@41a0aa7d]" started-at="2021-10-01T17:49:07 IST" name="messageClick" finished-at="2021-10-01T17:49:07 IST" duration-ms="89" status="PASS">
          <reporter-output>
          </reporter-output>
        </test-method> <!-- messageClick -->
        <test-method signature="messageClick2()[pri:4, instance:com.test.WebsiteTests@41a0aa7d]" started-at="2021-10-01T17:49:07 IST" name="messageClick2" finished-at="2021-10-01T17:49:13 IST" duration-ms="5722" status="PASS">
          <reporter-output>
          </reporter-output>
        </test-method> <!-- messageClick2 -->
      </class> <!-- com.test.WebsiteTests -->
    </test> <!-- Selenium Static web site test -->
  </suite> <!-- Static Website Test Cases -->
</testng-results>
