<?xml version="1.0" encoding="UTF-8"?>
<!-- Generated by org.testng.reporters.JUnitXMLReporter -->
<testsuite ignored="0" hostname="DESKTOP-O63GFKG" failures="0" tests="3" name="Math Test" time="0.087" errors="0" timestamp="2021-09-29T16:37:36 IST">
  <testcase classname="com.test.MathTest" name="factorialTest" time="0.012"/>
  <testcase classname="com.test.MathTest" name="factorialTest2" time="0.006"/>
  <testcase classname="com.test.BasicMathTest" name="highTest" time="0.003"/>
</testsuite> <!-- Math Test -->
