<?xml version="1.0" encoding="UTF-8"?>
<!-- Generated by org.testng.reporters.JUnitXMLReporter -->
<testsuite ignored="0" hostname="DESKTOP-O63GFKG" failures="0" tests="3" name="Math Test" time="12.635" errors="0" timestamp="2021-10-01T15:07:56 IST">
  <testcase classname="com.test.SeleniumTests" name="testTopics" time="2.366"/>
  <testcase classname="com.test.SeleniumTests" name="testLinks" time="1.491"/>
  <testcase classname="com.test.SeleniumTests" name="testHover" time="6.161"/>
</testsuite> <!-- Math Test -->
